mode: set
github.com/gebv/go-bb-tests-metrics/main.go:16.27,18.23 1 1
github.com/gebv/go-bb-tests-metrics/main.go:27.2,28.13 2 1
github.com/gebv/go-bb-tests-metrics/main.go:18.23,19.16 1 1
github.com/gebv/go-bb-tests-metrics/main.go:22.4,22.16 1 1
github.com/gebv/go-bb-tests-metrics/main.go:19.16,21.5 1 1
github.com/gebv/go-bb-tests-metrics/main.go:22.16,24.5 1 1
github.com/gebv/go-bb-tests-metrics/main.go:28.13,30.3 1 1
github.com/gebv/go-bb-tests-metrics/main.go:30.8,32.3 1 1
github.com/gebv/go-bb-tests-metrics/main.go:36.13,42.34 5 0
github.com/gebv/go-bb-tests-metrics/main.go:46.2,47.16 2 0
github.com/gebv/go-bb-tests-metrics/main.go:52.2,55.53 1 0
github.com/gebv/go-bb-tests-metrics/main.go:57.2,58.12 2 0
github.com/gebv/go-bb-tests-metrics/main.go:73.2,76.12 3 0
github.com/gebv/go-bb-tests-metrics/main.go:83.2,83.11 1 0
github.com/gebv/go-bb-tests-metrics/main.go:42.34,44.3 1 0
github.com/gebv/go-bb-tests-metrics/main.go:47.16,50.3 2 0
github.com/gebv/go-bb-tests-metrics/main.go:55.53,55.67 1 0
github.com/gebv/go-bb-tests-metrics/main.go:58.12,63.59 4 0
github.com/gebv/go-bb-tests-metrics/main.go:63.59,67.4 3 0
github.com/gebv/go-bb-tests-metrics/main.go:67.9,69.4 1 0
github.com/gebv/go-bb-tests-metrics/main.go:76.12,78.70 2 0
github.com/gebv/go-bb-tests-metrics/main.go:78.70,80.4 1 0
github.com/gebv/go-bb-tests-metrics/main.go:87.67,88.42 1 0
github.com/gebv/go-bb-tests-metrics/main.go:92.3,92.45 1 0
github.com/gebv/go-bb-tests-metrics/main.go:96.3,96.25 1 0
github.com/gebv/go-bb-tests-metrics/main.go:88.42,91.4 2 0
github.com/gebv/go-bb-tests-metrics/main.go:92.45,95.4 2 0
github.com/gebv/go-bb-tests-metrics/main.go:98.62,99.35 1 0
github.com/gebv/go-bb-tests-metrics/main.go:103.3,103.36 1 0
github.com/gebv/go-bb-tests-metrics/main.go:107.3,107.25 1 0
github.com/gebv/go-bb-tests-metrics/main.go:99.35,102.4 2 0
github.com/gebv/go-bb-tests-metrics/main.go:103.36,106.4 2 0
github.com/gebv/go-bb-tests-metrics/main.go:111.44,114.12 3 0
github.com/gebv/go-bb-tests-metrics/main.go:114.12,120.10 5 0
github.com/gebv/go-bb-tests-metrics/main.go:121.22,122.30 1 0
github.com/gebv/go-bb-tests-metrics/main.go:123.38,124.53 1 0
