mode: set
github.com/gebv/go-bb-tests-metrics/main.go:35.13,41.34 5 1
github.com/gebv/go-bb-tests-metrics/main.go:45.2,46.16 2 1
github.com/gebv/go-bb-tests-metrics/main.go:51.2,54.53 1 1
github.com/gebv/go-bb-tests-metrics/main.go:56.2,57.12 2 1
github.com/gebv/go-bb-tests-metrics/main.go:72.2,75.12 3 1
github.com/gebv/go-bb-tests-metrics/main.go:82.2,82.11 1 1
github.com/gebv/go-bb-tests-metrics/main.go:41.34,43.3 1 1
github.com/gebv/go-bb-tests-metrics/main.go:46.16,49.3 2 1
github.com/gebv/go-bb-tests-metrics/main.go:54.53,54.67 1 1
github.com/gebv/go-bb-tests-metrics/main.go:57.12,62.59 4 1
github.com/gebv/go-bb-tests-metrics/main.go:62.59,66.4 3 0
github.com/gebv/go-bb-tests-metrics/main.go:66.9,68.4 1 0
github.com/gebv/go-bb-tests-metrics/main.go:75.12,77.70 2 1
github.com/gebv/go-bb-tests-metrics/main.go:77.70,79.4 1 0
github.com/gebv/go-bb-tests-metrics/main.go:86.61,91.24 3 1
github.com/gebv/go-bb-tests-metrics/main.go:101.3,102.14 2 1
github.com/gebv/go-bb-tests-metrics/main.go:91.24,92.17 1 1
github.com/gebv/go-bb-tests-metrics/main.go:92.17,94.6 1 1
github.com/gebv/go-bb-tests-metrics/main.go:94.11,94.24 1 1
github.com/gebv/go-bb-tests-metrics/main.go:94.24,96.6 1 1
github.com/gebv/go-bb-tests-metrics/main.go:96.11,98.6 1 1
github.com/gebv/go-bb-tests-metrics/main.go:102.14,104.4 1 1
github.com/gebv/go-bb-tests-metrics/main.go:104.9,106.4 1 1
github.com/gebv/go-bb-tests-metrics/main.go:132.44,135.12 3 1
github.com/gebv/go-bb-tests-metrics/main.go:135.12,141.10 5 1
github.com/gebv/go-bb-tests-metrics/main.go:142.22,143.30 1 0
github.com/gebv/go-bb-tests-metrics/main.go:144.38,145.53 1 0
